{"level":"info","message":"Server is running on port 3001","timestamp":"2025-11-01T06:59:05.734Z"}
{"level":"info","message":"Inggest endpoint available at http://localhost:3001/api/inngest","timestamp":"2025-11-01T06:59:05.737Z"}
{"level":"info","message":"Server is running on port 3001","timestamp":"2025-11-01T12:41:29.206Z"}
{"level":"info","message":"Inggest endpoint available at http://localhost:3001/api/inngest","timestamp":"2025-11-01T12:41:29.210Z"}
{"level":"info","message":"Server is running on port 3001","timestamp":"2025-11-01T13:16:06.959Z"}
{"level":"info","message":"Inggest endpoint available at http://localhost:3001/api/inngest","timestamp":"2025-11-01T13:16:06.965Z"}
{"level":"info","message":"Server is running on port 3001","timestamp":"2025-11-01T13:16:16.278Z"}
{"level":"info","message":"Inggest endpoint available at http://localhost:3001/api/inngest","timestamp":"2025-11-01T13:16:16.282Z"}
{"level":"info","message":"Server is running on port 3001","timestamp":"2025-11-01T13:52:38.466Z"}
{"level":"info","message":"Inggest endpoint available at http://localhost:3001/api/inngest","timestamp":"2025-11-01T13:52:38.471Z"}
{"level":"info","message":"Server is running on port 3001","timestamp":"2025-11-01T13:53:03.485Z"}
{"level":"info","message":"Inggest endpoint available at http://localhost:3001/api/inngest","timestamp":"2025-11-01T13:53:03.490Z"}
{"level":"info","message":"Server is running on port 3001","timestamp":"2025-11-04T15:09:46.987Z"}
{"level":"info","message":"Inggest endpoint available at http://localhost:3001/api/inngest","timestamp":"2025-11-04T15:09:46.991Z"}
{"level":"info","message":"Server is running on port 3001","timestamp":"2025-11-04T15:11:54.185Z"}
{"level":"info","message":"Inggest endpoint available at http://localhost:3001/api/inngest","timestamp":"2025-11-04T15:11:54.189Z"}
{"level":"info","message":"Server is running on port 3001","timestamp":"2025-11-04T15:15:49.180Z"}
{"level":"info","message":"Inggest endpoint available at http://localhost:3001/api/inngest","timestamp":"2025-11-04T15:15:49.184Z"}
{"level":"info","message":"Server is running on port 3001","timestamp":"2025-11-04T15:17:34.578Z"}
{"level":"info","message":"Inggest endpoint available at http://localhost:3001/api/inngest","timestamp":"2025-11-04T15:17:34.581Z"}
{"level":"info","message":"Server is running on port 3001","timestamp":"2025-11-04T15:25:30.636Z"}
{"level":"info","message":"Inggest endpoint available at http://localhost:3001/api/inngest","timestamp":"2025-11-04T15:25:30.640Z"}
{"level":"info","message":"Server is running on port 3001","timestamp":"2025-11-05T03:09:43.325Z"}
{"level":"info","message":"Inggest endpoint available at http://localhost:3001/api/inngest","timestamp":"2025-11-05T03:09:43.330Z"}
{"level":"info","message":"Server is running on port 3001","timestamp":"2025-11-05T03:17:19.295Z"}
{"level":"info","message":"Inggest endpoint available at http://localhost:3001/api/inngest","timestamp":"2025-11-05T03:17:19.298Z"}
{"code":"ENOTFOUND","hostname":"_mongodb._tcp.ai-therapy-agent-db.qkfwx.mongodb.net","level":"error","message":"❌ Failed to connect to MongoDB: querySrv ENOTFOUND _mongodb._tcp.ai-therapy-agent-db.qkfwx.mongodb.net","stack":"Error: querySrv ENOTFOUND _mongodb._tcp.ai-therapy-agent-db.qkfwx.mongodb.net\n    at QueryReqWrap.onresolve [as oncomplete] (node:internal/dns/promises:294:17)","syscall":"querySrv","timestamp":"2025-11-05T03:57:32.358Z"}
{"code":"ENOTFOUND","hostname":"_mongodb._tcp.ai-therapy-agent-db.qkfwx.mongodb.net","level":"error","message":"❌ Failed to connect to MongoDB: querySrv ENOTFOUND _mongodb._tcp.ai-therapy-agent-db.qkfwx.mongodb.net","stack":"Error: querySrv ENOTFOUND _mongodb._tcp.ai-therapy-agent-db.qkfwx.mongodb.net\n    at QueryReqWrap.onresolve [as oncomplete] (node:internal/dns/promises:294:17)","syscall":"querySrv","timestamp":"2025-11-05T03:59:28.036Z"}
{"code":8000,"codeName":"AtlasError","connectionGeneration":0,"errorLabelSet":{},"errorResponse":{"code":8000,"codeName":"AtlasError","errmsg":"bad auth : authentication failed","ok":0},"level":"error","message":"❌ Failed to connect to MongoDB: bad auth : authentication failed","ok":0,"stack":"MongoServerError: bad auth : authentication failed\n    at Connection.sendCommand (C:\\Users\\Mahak Dhanwani\\ai-therapist-app-agent\\backend\\node_modules\\mongoose\\node_modules\\mongodb\\src\\cmap\\connection.ts:559:17)\n    at processTicksAndRejections (node:internal/process/task_queues:105:5)\n    at async Connection.command (C:\\Users\\Mahak Dhanwani\\ai-therapist-app-agent\\backend\\node_modules\\mongoose\\node_modules\\mongodb\\src\\cmap\\connection.ts:633:22)\n    at async continueScramConversation (C:\\Users\\Mahak Dhanwani\\ai-therapist-app-agent\\backend\\node_modules\\mongoose\\node_modules\\mongodb\\src\\cmap\\auth\\scram.ts:187:13)\n    at async executeScram (C:\\Users\\Mahak Dhanwani\\ai-therapist-app-agent\\backend\\node_modules\\mongoose\\node_modules\\mongodb\\src\\cmap\\auth\\scram.ts:114:3)\n    at async ScramSHA1.auth (C:\\Users\\Mahak Dhanwani\\ai-therapist-app-agent\\backend\\node_modules\\mongoose\\node_modules\\mongodb\\src\\cmap\\auth\\scram.ts:60:12)\n    at async performInitialHandshake (C:\\Users\\Mahak Dhanwani\\ai-therapist-app-agent\\backend\\node_modules\\mongoose\\node_modules\\mongodb\\src\\cmap\\connect.ts:164:7)\n    at async connect (C:\\Users\\Mahak Dhanwani\\ai-therapist-app-agent\\backend\\node_modules\\mongoose\\node_modules\\mongodb\\src\\cmap\\connect.ts:43:5)","timestamp":"2025-11-05T04:00:41.808Z"}
{"level":"info","message":"✅ Connected to MongoDB Atlas","timestamp":"2025-11-05T04:01:03.916Z"}
{"level":"info","message":"Server is running on port 3001","timestamp":"2025-11-05T04:01:03.922Z"}
{"level":"info","message":"Inggest endpoint available at http://localhost:3001/api/inngest","timestamp":"2025-11-05T04:01:03.922Z"}
{"level":"info","message":"✅ Connected to MongoDB Atlas","timestamp":"2025-11-05T04:01:49.141Z"}
{"level":"info","message":"Server is running on port 3001","timestamp":"2025-11-05T04:01:49.151Z"}
{"level":"info","message":"Inggest endpoint available at http://localhost:3001/api/inngest","timestamp":"2025-11-05T04:01:49.152Z"}
{"level":"info","message":"✅ Connected to MongoDB Atlas","timestamp":"2025-11-05T04:11:10.433Z"}
{"level":"info","message":"Server is running on port 3001","timestamp":"2025-11-05T04:11:10.452Z"}
{"level":"info","message":"Inggest endpoint available at http://localhost:3001/api/inngest","timestamp":"2025-11-05T04:11:10.452Z"}
{"level":"info","message":"✅ Connected to MongoDB Atlas","timestamp":"2025-11-05T04:11:20.696Z"}
{"level":"info","message":"Server is running on port 3001","timestamp":"2025-11-05T04:11:20.704Z"}
{"level":"info","message":"Inggest endpoint available at http://localhost:3001/api/inngest","timestamp":"2025-11-05T04:11:20.704Z"}
{"level":"info","message":"✅ Connected to MongoDB Atlas","timestamp":"2025-11-05T04:12:15.071Z"}
{"level":"info","message":"Server is running on port 3001","timestamp":"2025-11-05T04:12:15.077Z"}
{"level":"info","message":"Inggest endpoint available at http://localhost:3001/api/inngest","timestamp":"2025-11-05T04:12:15.077Z"}
{"level":"info","message":"✅ Connected to MongoDB Atlas","timestamp":"2025-11-05T04:14:08.123Z"}
{"level":"info","message":"Server is running on port 3001","timestamp":"2025-11-05T04:14:08.135Z"}
{"level":"info","message":"Inggest endpoint available at http://localhost:3001/api/inngest","timestamp":"2025-11-05T04:14:08.137Z"}
{"level":"info","message":"✅ Connected to MongoDB Atlas","timestamp":"2025-11-05T04:14:45.991Z"}
{"level":"info","message":"Server is running on port 3001","timestamp":"2025-11-05T04:14:46.004Z"}
{"level":"info","message":"Inggest endpoint available at http://localhost:3001/api/inngest","timestamp":"2025-11-05T04:14:46.005Z"}
{"level":"info","message":"✅ Connected to MongoDB Atlas","timestamp":"2025-11-05T04:18:24.494Z"}
{"level":"info","message":"Server is running on port 3001","timestamp":"2025-11-05T04:18:24.506Z"}
{"level":"info","message":"Inggest endpoint available at http://localhost:3001/api/inngest","timestamp":"2025-11-05T04:18:24.507Z"}
{"level":"info","message":"✅ Connected to MongoDB Atlas","timestamp":"2025-11-05T04:19:04.403Z"}
{"level":"info","message":"Server is running on port 3001","timestamp":"2025-11-05T04:19:04.416Z"}
{"level":"info","message":"Inggest endpoint available at http://localhost:3001/api/inngest","timestamp":"2025-11-05T04:19:04.418Z"}
{"level":"info","message":"✅ Connected to MongoDB Atlas","timestamp":"2025-11-05T04:19:19.643Z"}
{"level":"info","message":"Server is running on port 3001","timestamp":"2025-11-05T04:19:19.656Z"}
{"level":"info","message":"Inggest endpoint available at http://localhost:3001/api/inngest","timestamp":"2025-11-05T04:19:19.657Z"}
{"level":"info","message":"✅ Connected to MongoDB Atlas","timestamp":"2025-11-05T04:19:38.287Z"}
{"level":"info","message":"Server is running on port 3001","timestamp":"2025-11-05T04:19:38.300Z"}
{"level":"info","message":"Inggest endpoint available at http://localhost:3001/api/inngest","timestamp":"2025-11-05T04:19:38.301Z"}
{"level":"info","message":"✅ Connected to MongoDB Atlas","timestamp":"2025-11-05T04:20:19.075Z"}
{"level":"info","message":"Server is running on port 3001","timestamp":"2025-11-05T04:20:19.092Z"}
{"level":"info","message":"Inggest endpoint available at http://localhost:3001/api/inngest","timestamp":"2025-11-05T04:20:19.094Z"}
{"level":"info","message":"✅ Connected to MongoDB Atlas","timestamp":"2025-11-05T04:20:51.936Z"}
{"level":"info","message":"Server is running on port 3001","timestamp":"2025-11-05T04:20:51.949Z"}
{"level":"info","message":"Inggest endpoint available at http://localhost:3001/api/inngest","timestamp":"2025-11-05T04:20:51.950Z"}
{"level":"info","message":"✅ Connected to MongoDB Atlas","timestamp":"2025-11-05T04:21:31.211Z"}
{"level":"info","message":"Server is running on port 3001","timestamp":"2025-11-05T04:21:31.225Z"}
{"level":"info","message":"Inggest endpoint available at http://localhost:3001/api/inngest","timestamp":"2025-11-05T04:21:31.226Z"}
{"level":"info","message":"✅ Connected to MongoDB Atlas","timestamp":"2025-11-05T04:22:42.975Z"}
{"level":"info","message":"Server is running on port 3001","timestamp":"2025-11-05T04:22:42.982Z"}
{"level":"info","message":"Inggest endpoint available at http://localhost:3001/api/inngest","timestamp":"2025-11-05T04:22:42.982Z"}
{"level":"info","message":"✅ Connected to MongoDB Atlas","timestamp":"2025-11-05T04:23:34.680Z"}
{"level":"info","message":"Server is running on port 3001","timestamp":"2025-11-05T04:23:34.692Z"}
{"level":"info","message":"Inggest endpoint available at http://localhost:3001/api/inngest","timestamp":"2025-11-05T04:23:34.694Z"}
{"level":"info","message":"✅ Connected to MongoDB Atlas","timestamp":"2025-11-05T04:24:32.105Z"}
{"level":"info","message":"Server is running on port 3001","timestamp":"2025-11-05T04:24:32.119Z"}
{"level":"info","message":"Inggest endpoint available at http://localhost:3001/api/inngest","timestamp":"2025-11-05T04:24:32.120Z"}
{"level":"info","message":"✅ Connected to MongoDB Atlas","timestamp":"2025-11-07T07:05:48.149Z"}
{"level":"info","message":"✅ Server is running on port 3001","timestamp":"2025-11-07T07:05:48.159Z"}
{"level":"info","message":"⚙️  Inngest endpoint available at http://localhost:3001/api/inngest","timestamp":"2025-11-07T07:05:48.160Z"}
{"level":"info","message":"✅ Connected to MongoDB Atlas","timestamp":"2025-11-07T10:14:47.096Z"}
{"level":"info","message":"✅ Server is running on port 3001","timestamp":"2025-11-07T10:14:47.110Z"}
{"level":"info","message":"⚙️  Inngest endpoint available at http://localhost:3001/api/inngest","timestamp":"2025-11-07T10:14:47.112Z"}
{"level":"info","message":"✅ Connected to MongoDB Atlas","timestamp":"2025-11-07T10:17:28.978Z"}
{"level":"info","message":"✅ Server is running on port 3001","timestamp":"2025-11-07T10:17:28.987Z"}
{"level":"info","message":"⚙️  Inngest endpoint available at http://localhost:3001/api/inngest","timestamp":"2025-11-07T10:17:28.988Z"}
{"level":"info","message":"✅ Connected to MongoDB Atlas","timestamp":"2025-11-07T10:21:01.735Z"}
{"level":"info","message":"✅ Server is running on port 3001","timestamp":"2025-11-07T10:21:01.748Z"}
{"level":"info","message":"⚙️  Inngest endpoint available at http://localhost:3001/api/inngest","timestamp":"2025-11-07T10:21:01.749Z"}
{"level":"info","message":"✅ Connected to MongoDB Atlas","timestamp":"2025-11-07T10:23:21.008Z"}
{"level":"info","message":"✅ Server is running on port 3001","timestamp":"2025-11-07T10:23:21.023Z"}
{"level":"info","message":"⚙️  Inngest endpoint available at http://localhost:3001/api/inngest","timestamp":"2025-11-07T10:23:21.024Z"}
{"level":"info","message":"✅ Connected to MongoDB Atlas","timestamp":"2025-11-07T10:23:21.104Z"}
{"level":"info","message":"✅ Server is running on port 3001","timestamp":"2025-11-07T10:23:21.117Z"}
{"level":"info","message":"⚙️  Inngest endpoint available at http://localhost:3001/api/inngest","timestamp":"2025-11-07T10:23:21.119Z"}
{"level":"info","message":"✅ Connected to MongoDB Atlas","timestamp":"2025-11-07T10:25:11.076Z"}
{"level":"info","message":"✅ Connected to MongoDB Atlas","timestamp":"2025-11-07T10:25:11.075Z"}
{"level":"info","message":"✅ Server is running on port 3001","timestamp":"2025-11-07T10:25:11.089Z"}
{"level":"info","message":"⚙️  Inngest endpoint available at http://localhost:3001/api/inngest","timestamp":"2025-11-07T10:25:11.090Z"}
{"level":"info","message":"✅ Server is running on port 3001","timestamp":"2025-11-07T10:25:11.091Z"}
{"level":"info","message":"⚙️  Inngest endpoint available at http://localhost:3001/api/inngest","timestamp":"2025-11-07T10:25:11.092Z"}
{"level":"info","message":"✅ Connected to MongoDB Atlas","timestamp":"2025-11-07T10:25:48.104Z"}
{"level":"info","message":"✅ Connected to MongoDB Atlas","timestamp":"2025-11-07T10:25:48.107Z"}
{"level":"info","message":"✅ Server is running on port 3001","timestamp":"2025-11-07T10:25:48.111Z"}
{"level":"info","message":"⚙️  Inngest endpoint available at http://localhost:3001/api/inngest","timestamp":"2025-11-07T10:25:48.112Z"}
{"level":"info","message":"✅ Server is running on port 3001","timestamp":"2025-11-07T10:25:48.115Z"}
{"level":"info","message":"⚙️  Inngest endpoint available at http://localhost:3001/api/inngest","timestamp":"2025-11-07T10:25:48.116Z"}
{"level":"info","message":"✅ Connected to MongoDB Atlas","timestamp":"2025-11-07T10:26:30.767Z"}
{"level":"info","message":"✅ Server is running on port 3001","timestamp":"2025-11-07T10:26:30.781Z"}
{"level":"info","message":"⚙️  Inngest endpoint available at http://localhost:3001/api/inngest","timestamp":"2025-11-07T10:26:30.783Z"}
{"level":"info","message":"✅ Connected to MongoDB Atlas","timestamp":"2025-11-07T10:40:08.394Z"}
{"level":"info","message":"✅ Server is running on port 3001","timestamp":"2025-11-07T10:40:08.406Z"}
{"level":"info","message":"⚙️  Inngest endpoint available at http://localhost:3001/api/inngest","timestamp":"2025-11-07T10:40:08.406Z"}
{"level":"info","message":"✅ Connected to MongoDB Atlas","timestamp":"2025-11-07T11:46:25.765Z"}
{"level":"info","message":"✅ Server is running on port 3001","timestamp":"2025-11-07T11:46:25.772Z"}
{"level":"info","message":"⚙️  Inngest endpoint available at http://localhost:3001/api/inngest","timestamp":"2025-11-07T11:46:25.772Z"}
{"level":"info","message":"✅ Connected to MongoDB Atlas","timestamp":"2025-11-07T11:46:25.795Z"}
{"level":"info","message":"✅ Server is running on port 3001","timestamp":"2025-11-07T11:46:25.802Z"}
{"level":"info","message":"⚙️  Inngest endpoint available at http://localhost:3001/api/inngest","timestamp":"2025-11-07T11:46:25.803Z"}
{"level":"info","message":"✅ Connected to MongoDB Atlas","timestamp":"2025-11-07T11:46:29.379Z"}
{"level":"info","message":"✅ Server is running on port 3001","timestamp":"2025-11-07T11:46:29.395Z"}
{"level":"info","message":"⚙️  Inngest endpoint available at http://localhost:3001/api/inngest","timestamp":"2025-11-07T11:46:29.397Z"}
{"level":"info","message":"✅ Connected to MongoDB Atlas","timestamp":"2025-11-07T11:49:10.573Z"}
{"level":"info","message":"✅ Server is running on port 3001","timestamp":"2025-11-07T11:49:10.589Z"}
{"level":"info","message":"⚙️  Inngest endpoint available at http://localhost:3001/api/inngest","timestamp":"2025-11-07T11:49:10.590Z"}
{"level":"info","message":"✅ Connected to MongoDB Atlas","timestamp":"2025-11-07T11:49:10.723Z"}
{"level":"info","message":"✅ Server is running on port 3001","timestamp":"2025-11-07T11:49:10.736Z"}
{"level":"info","message":"⚙️  Inngest endpoint available at http://localhost:3001/api/inngest","timestamp":"2025-11-07T11:49:10.738Z"}
{"level":"info","message":"✅ Connected to MongoDB Atlas","timestamp":"2025-11-07T11:49:12.007Z"}
{"level":"info","message":"✅ Server is running on port 3001","timestamp":"2025-11-07T11:49:12.026Z"}
{"level":"info","message":"⚙️  Inngest endpoint available at http://localhost:3001/api/inngest","timestamp":"2025-11-07T11:49:12.027Z"}
{"level":"info","message":"✅ Connected to MongoDB Atlas","timestamp":"2025-11-08T05:30:03.213Z"}
{"level":"info","message":"✅ Server is running on port 3001","timestamp":"2025-11-08T05:30:03.228Z"}
{"level":"info","message":"⚙️  Inngest endpoint available at http://localhost:3001/api/inngest","timestamp":"2025-11-08T05:30:03.230Z"}
{"level":"info","message":"✅ Connected to MongoDB Atlas","timestamp":"2025-11-08T05:30:03.237Z"}
{"level":"info","message":"✅ Connected to MongoDB Atlas","timestamp":"2025-11-08T05:30:03.248Z"}
{"level":"info","message":"✅ Server is running on port 3001","timestamp":"2025-11-08T05:30:03.256Z"}
{"level":"info","message":"⚙️  Inngest endpoint available at http://localhost:3001/api/inngest","timestamp":"2025-11-08T05:30:03.258Z"}
{"level":"info","message":"✅ Server is running on port 3001","timestamp":"2025-11-08T05:30:03.266Z"}
{"level":"info","message":"⚙️  Inngest endpoint available at http://localhost:3001/api/inngest","timestamp":"2025-11-08T05:30:03.267Z"}
{"level":"info","message":"✅ Connected to MongoDB Atlas","timestamp":"2025-11-08T05:38:15.880Z"}
{"level":"info","message":"✅ Connected to MongoDB Atlas","timestamp":"2025-11-08T05:38:15.881Z"}
{"level":"info","message":"✅ Server is running on port 3001","timestamp":"2025-11-08T05:38:15.887Z"}
{"level":"info","message":"⚙️  Inngest endpoint available at http://localhost:3001/api/inngest","timestamp":"2025-11-08T05:38:15.888Z"}
{"level":"info","message":"✅ Server is running on port 3001","timestamp":"2025-11-08T05:38:15.887Z"}
{"level":"info","message":"⚙️  Inngest endpoint available at http://localhost:3001/api/inngest","timestamp":"2025-11-08T05:38:15.888Z"}
{"level":"info","message":"✅ Connected to MongoDB Atlas","timestamp":"2025-11-08T05:38:15.897Z"}
{"level":"info","message":"✅ Server is running on port 3001","timestamp":"2025-11-08T05:38:15.905Z"}
{"level":"info","message":"⚙️  Inngest endpoint available at http://localhost:3001/api/inngest","timestamp":"2025-11-08T05:38:15.906Z"}
{"level":"info","message":"✅ Connected to MongoDB Atlas","timestamp":"2025-11-08T05:39:14.027Z"}
{"level":"info","message":"✅ Connected to MongoDB Atlas","timestamp":"2025-11-08T05:39:14.027Z"}
{"level":"info","message":"✅ Server is running on port 3001","timestamp":"2025-11-08T05:39:14.043Z"}
{"level":"info","message":"⚙️  Inngest endpoint available at http://localhost:3001/api/inngest","timestamp":"2025-11-08T05:39:14.046Z"}
{"level":"info","message":"✅ Server is running on port 3001","timestamp":"2025-11-08T05:39:14.042Z"}
{"level":"info","message":"⚙️  Inngest endpoint available at http://localhost:3001/api/inngest","timestamp":"2025-11-08T05:39:14.043Z"}
{"level":"info","message":"✅ Connected to MongoDB Atlas","timestamp":"2025-11-08T05:39:14.125Z"}
{"level":"info","message":"✅ Server is running on port 3001","timestamp":"2025-11-08T05:39:14.139Z"}
{"level":"info","message":"⚙️  Inngest endpoint available at http://localhost:3001/api/inngest","timestamp":"2025-11-08T05:39:14.141Z"}
{"level":"info","message":"✅ Connected to MongoDB Atlas","timestamp":"2025-11-08T05:51:12.838Z"}
{"level":"info","message":"✅ Server is running on port 3001","timestamp":"2025-11-08T05:51:12.852Z"}
{"level":"info","message":"⚙️  Inngest endpoint available at http://localhost:3001/api/inngest","timestamp":"2025-11-08T05:51:12.853Z"}
{"level":"info","message":"✅ Connected to MongoDB Atlas","timestamp":"2025-11-08T05:51:14.785Z"}
{"level":"info","message":"✅ Server is running on port 3001","timestamp":"2025-11-08T05:51:14.794Z"}
{"level":"info","message":"⚙️  Inngest endpoint available at http://localhost:3001/api/inngest","timestamp":"2025-11-08T05:51:14.795Z"}
{"level":"info","message":"✅ Connected to MongoDB Atlas","timestamp":"2025-11-08T05:51:18.815Z"}
{"level":"info","message":"✅ Server is running on port 3001","timestamp":"2025-11-08T05:51:18.822Z"}
{"level":"info","message":"⚙️  Inngest endpoint available at http://localhost:3001/api/inngest","timestamp":"2025-11-08T05:51:18.822Z"}
{"level":"info","message":"✅ Connected to MongoDB Atlas","timestamp":"2025-11-08T05:51:32.105Z"}
{"level":"info","message":"✅ Server is running on port 3001","timestamp":"2025-11-08T05:51:32.122Z"}
{"level":"info","message":"⚙️  Inngest endpoint available at http://localhost:3001/api/inngest","timestamp":"2025-11-08T05:51:32.123Z"}
{"level":"info","message":"✅ Connected to MongoDB Atlas","timestamp":"2025-11-08T05:51:32.149Z"}
{"level":"info","message":"✅ Server is running on port 3001","timestamp":"2025-11-08T05:51:32.168Z"}
{"level":"info","message":"⚙️  Inngest endpoint available at http://localhost:3001/api/inngest","timestamp":"2025-11-08T05:51:32.171Z"}
{"level":"info","message":"✅ Connected to MongoDB Atlas","timestamp":"2025-11-08T05:51:34.379Z"}
{"level":"info","message":"✅ Server is running on port 3001","timestamp":"2025-11-08T05:51:34.392Z"}
{"level":"info","message":"⚙️  Inngest endpoint available at http://localhost:3001/api/inngest","timestamp":"2025-11-08T05:51:34.393Z"}
{"level":"info","message":"✅ Connected to MongoDB Atlas","timestamp":"2025-11-08T08:07:21.627Z"}
{"level":"info","message":"✅ Server is running on port 3001","timestamp":"2025-11-08T08:07:21.639Z"}
{"level":"info","message":"⚙️  Inngest endpoint available at http://localhost:3001/api/inngest","timestamp":"2025-11-08T08:07:21.640Z"}
{"level":"info","message":"✅ Connected to MongoDB Atlas","timestamp":"2025-11-08T08:07:21.666Z"}
{"level":"info","message":"✅ Server is running on port 3001","timestamp":"2025-11-08T08:07:21.677Z"}
{"level":"info","message":"⚙️  Inngest endpoint available at http://localhost:3001/api/inngest","timestamp":"2025-11-08T08:07:21.677Z"}
{"level":"info","message":"✅ Connected to MongoDB Atlas","timestamp":"2025-11-08T08:07:21.748Z"}
{"level":"info","message":"✅ Server is running on port 3001","timestamp":"2025-11-08T08:07:21.756Z"}
{"level":"info","message":"⚙️  Inngest endpoint available at http://localhost:3001/api/inngest","timestamp":"2025-11-08T08:07:21.757Z"}
{"level":"info","message":"✅ Connected to MongoDB Atlas","timestamp":"2025-11-08T08:08:14.095Z"}
{"level":"info","message":"✅ Server is running on port 3001","timestamp":"2025-11-08T08:08:14.112Z"}
{"level":"info","message":"⚙️  Inngest endpoint available at http://localhost:3001/api/inngest","timestamp":"2025-11-08T08:08:14.113Z"}
{"level":"info","message":"✅ Connected to MongoDB Atlas","timestamp":"2025-11-08T08:08:14.144Z"}
{"level":"info","message":"✅ Server is running on port 3001","timestamp":"2025-11-08T08:08:14.161Z"}
{"level":"info","message":"⚙️  Inngest endpoint available at http://localhost:3001/api/inngest","timestamp":"2025-11-08T08:08:14.163Z"}
{"level":"info","message":"✅ Connected to MongoDB Atlas","timestamp":"2025-11-08T08:08:14.218Z"}
{"level":"info","message":"✅ Server is running on port 3001","timestamp":"2025-11-08T08:08:14.234Z"}
{"level":"info","message":"⚙️  Inngest endpoint available at http://localhost:3001/api/inngest","timestamp":"2025-11-08T08:08:14.236Z"}
{"level":"error","message":"❌ Error logging activity: Cannot destructure property 'type' of 'req.body' as it is undefined.","stack":"TypeError: Cannot destructure property 'type' of 'req.body' as it is undefined.\n    at logActivity (C:\\Users\\Mahak Dhanwani\\ai-therapist-app-agent\\backend\\src\\controllers\\activityController.ts:8:13)\n    at Layer.handleRequest (C:\\Users\\Mahak Dhanwani\\ai-therapist-app-agent\\backend\\node_modules\\router\\lib\\layer.js:152:17)\n    at next (C:\\Users\\Mahak Dhanwani\\ai-therapist-app-agent\\backend\\node_modules\\router\\lib\\route.js:157:13)\n    at Route.dispatch (C:\\Users\\Mahak Dhanwani\\ai-therapist-app-agent\\backend\\node_modules\\router\\lib\\route.js:117:3)\n    at handle (C:\\Users\\Mahak Dhanwani\\ai-therapist-app-agent\\backend\\node_modules\\router\\index.js:435:11)\n    at Layer.handleRequest (C:\\Users\\Mahak Dhanwani\\ai-therapist-app-agent\\backend\\node_modules\\router\\lib\\layer.js:152:17)\n    at C:\\Users\\Mahak Dhanwani\\ai-therapist-app-agent\\backend\\node_modules\\router\\index.js:295:15\n    at processParams (C:\\Users\\Mahak Dhanwani\\ai-therapist-app-agent\\backend\\node_modules\\router\\index.js:582:12)\n    at next (C:\\Users\\Mahak Dhanwani\\ai-therapist-app-agent\\backend\\node_modules\\router\\index.js:291:5)\n    at auth (C:\\Users\\Mahak Dhanwani\\ai-therapist-app-agent\\backend\\src\\middleware\\auth.ts:34:5)","timestamp":"2025-11-08T08:09:31.513Z"}
{"level":"error","message":"Unexpected error: Cannot destructure property 'type' of 'req.body' as it is undefined.","stack":"TypeError: Cannot destructure property 'type' of 'req.body' as it is undefined.\n    at logActivity (C:\\Users\\Mahak Dhanwani\\ai-therapist-app-agent\\backend\\src\\controllers\\activityController.ts:8:13)\n    at Layer.handleRequest (C:\\Users\\Mahak Dhanwani\\ai-therapist-app-agent\\backend\\node_modules\\router\\lib\\layer.js:152:17)\n    at next (C:\\Users\\Mahak Dhanwani\\ai-therapist-app-agent\\backend\\node_modules\\router\\lib\\route.js:157:13)\n    at Route.dispatch (C:\\Users\\Mahak Dhanwani\\ai-therapist-app-agent\\backend\\node_modules\\router\\lib\\route.js:117:3)\n    at handle (C:\\Users\\Mahak Dhanwani\\ai-therapist-app-agent\\backend\\node_modules\\router\\index.js:435:11)\n    at Layer.handleRequest (C:\\Users\\Mahak Dhanwani\\ai-therapist-app-agent\\backend\\node_modules\\router\\lib\\layer.js:152:17)\n    at C:\\Users\\Mahak Dhanwani\\ai-therapist-app-agent\\backend\\node_modules\\router\\index.js:295:15\n    at processParams (C:\\Users\\Mahak Dhanwani\\ai-therapist-app-agent\\backend\\node_modules\\router\\index.js:582:12)\n    at next (C:\\Users\\Mahak Dhanwani\\ai-therapist-app-agent\\backend\\node_modules\\router\\index.js:291:5)\n    at auth (C:\\Users\\Mahak Dhanwani\\ai-therapist-app-agent\\backend\\src\\middleware\\auth.ts:34:5)","timestamp":"2025-11-08T08:09:31.514Z"}
{"level":"info","message":"✅ Connected to MongoDB Atlas","timestamp":"2025-11-08T08:11:50.111Z"}
{"level":"info","message":"✅ Server is running on port 3001","timestamp":"2025-11-08T08:11:50.116Z"}
{"level":"info","message":"⚙️  Inngest endpoint available at http://localhost:3001/api/inngest","timestamp":"2025-11-08T08:11:50.117Z"}
{"level":"info","message":"✅ Connected to MongoDB Atlas","timestamp":"2025-11-08T08:11:50.295Z"}
{"level":"info","message":"✅ Server is running on port 3001","timestamp":"2025-11-08T08:11:50.299Z"}
{"level":"info","message":"⚙️  Inngest endpoint available at http://localhost:3001/api/inngest","timestamp":"2025-11-08T08:11:50.300Z"}
{"level":"info","message":"✅ Connected to MongoDB Atlas","timestamp":"2025-11-08T08:11:51.085Z"}
{"level":"info","message":"✅ Server is running on port 3001","timestamp":"2025-11-08T08:11:51.091Z"}
{"level":"info","message":"⚙️  Inngest endpoint available at http://localhost:3001/api/inngest","timestamp":"2025-11-08T08:11:51.091Z"}
{"level":"error","message":"❌ Error logging activity: Cannot destructure property 'type' of 'req.body' as it is undefined.","stack":"TypeError: Cannot destructure property 'type' of 'req.body' as it is undefined.\n    at logActivity (C:\\Users\\Mahak Dhanwani\\ai-therapist-app-agent\\backend\\src\\controllers\\activityController.ts:7:13)\n    at Layer.handleRequest (C:\\Users\\Mahak Dhanwani\\ai-therapist-app-agent\\backend\\node_modules\\router\\lib\\layer.js:152:17)\n    at next (C:\\Users\\Mahak Dhanwani\\ai-therapist-app-agent\\backend\\node_modules\\router\\lib\\route.js:157:13)\n    at Route.dispatch (C:\\Users\\Mahak Dhanwani\\ai-therapist-app-agent\\backend\\node_modules\\router\\lib\\route.js:117:3)\n    at handle (C:\\Users\\Mahak Dhanwani\\ai-therapist-app-agent\\backend\\node_modules\\router\\index.js:435:11)\n    at Layer.handleRequest (C:\\Users\\Mahak Dhanwani\\ai-therapist-app-agent\\backend\\node_modules\\router\\lib\\layer.js:152:17)\n    at C:\\Users\\Mahak Dhanwani\\ai-therapist-app-agent\\backend\\node_modules\\router\\index.js:295:15\n    at processParams (C:\\Users\\Mahak Dhanwani\\ai-therapist-app-agent\\backend\\node_modules\\router\\index.js:582:12)\n    at next (C:\\Users\\Mahak Dhanwani\\ai-therapist-app-agent\\backend\\node_modules\\router\\index.js:291:5)\n    at auth (C:\\Users\\Mahak Dhanwani\\ai-therapist-app-agent\\backend\\src\\middleware\\auth.ts:34:5)","timestamp":"2025-11-08T08:12:06.796Z"}
{"_message":"Activity validation failed","errors":{"duration":{"kind":"Number","message":"Cast to Number failed for value \"60 minutes\" (type string) at path \"duration\"","name":"CastError","path":"duration","reason":{"actual":false,"code":"ERR_ASSERTION","diff":"simple","expected":true,"generatedMessage":true,"operator":"=="},"stringValue":"\"60 minutes\"","value":"60 minutes","valueType":"string"},"type":{"kind":"enum","message":"`Meeting` is not a valid enum value for path `type`.","name":"ValidatorError","path":"type","properties":{"enumValues":["meditation","exercise","walking","reading","journaling","therapy"],"length":7,"message":"`Meeting` is not a valid enum value for path `type`.","path":"type","type":"enum","value":"Meeting"},"value":"Meeting"}},"level":"error","message":"❌ Error logging activity: Activity validation failed: duration: Cast to Number failed for value \"60 minutes\" (type string) at path \"duration\", type: `Meeting` is not a valid enum value for path `type`.","stack":"ValidationError: Activity validation failed: duration: Cast to Number failed for value \"60 minutes\" (type string) at path \"duration\", type: `Meeting` is not a valid enum value for path `type`.\n    at model.Document.invalidate (C:\\Users\\Mahak Dhanwani\\ai-therapist-app-agent\\backend\\node_modules\\mongoose\\lib\\document.js:3362:32)\n    at model.$set (C:\\Users\\Mahak Dhanwani\\ai-therapist-app-agent\\backend\\node_modules\\mongoose\\lib\\document.js:1484:12)\n    at model.$set (C:\\Users\\Mahak Dhanwani\\ai-therapist-app-agent\\backend\\node_modules\\mongoose\\lib\\document.js:1136:16)\n    at model.Document (C:\\Users\\Mahak Dhanwani\\ai-therapist-app-agent\\backend\\node_modules\\mongoose\\lib\\document.js:178:12)\n    at model.Model (C:\\Users\\Mahak Dhanwani\\ai-therapist-app-agent\\backend\\node_modules\\mongoose\\lib\\model.js:127:12)\n    at new model (C:\\Users\\Mahak Dhanwani\\ai-therapist-app-agent\\backend\\node_modules\\mongoose\\lib\\model.js:4855:15)\n    at logActivity (C:\\Users\\Mahak Dhanwani\\ai-therapist-app-agent\\backend\\src\\controllers\\activityController.ts:18:22)\n    at Layer.handleRequest (C:\\Users\\Mahak Dhanwani\\ai-therapist-app-agent\\backend\\node_modules\\router\\lib\\layer.js:152:17)\n    at next (C:\\Users\\Mahak Dhanwani\\ai-therapist-app-agent\\backend\\node_modules\\router\\lib\\route.js:157:13)\n    at Route.dispatch (C:\\Users\\Mahak Dhanwani\\ai-therapist-app-agent\\backend\\node_modules\\router\\lib\\route.js:117:3)","timestamp":"2025-11-08T08:15:01.191Z"}
{"_message":"Activity validation failed","errors":{"type":{"kind":"enum","message":"`workout` is not a valid enum value for path `type`.","name":"ValidatorError","path":"type","properties":{"enumValues":["meditation","exercise","walking","reading","journaling","therapy"],"length":7,"message":"`workout` is not a valid enum value for path `type`.","path":"type","type":"enum","value":"workout"},"value":"workout"}},"level":"error","message":"❌ Error logging activity: Activity validation failed: type: `workout` is not a valid enum value for path `type`.","stack":"ValidationError: Activity validation failed: type: `workout` is not a valid enum value for path `type`.\n    at model.Document.invalidate (C:\\Users\\Mahak Dhanwani\\ai-therapist-app-agent\\backend\\node_modules\\mongoose\\lib\\document.js:3362:32)\n    at C:\\Users\\Mahak Dhanwani\\ai-therapist-app-agent\\backend\\node_modules\\mongoose\\lib\\document.js:3123:17\n    at C:\\Users\\Mahak Dhanwani\\ai-therapist-app-agent\\backend\\node_modules\\mongoose\\lib\\schemaType.js:1420:9\n    at processTicksAndRejections (node:internal/process/task_queues:85:11)","timestamp":"2025-11-08T08:16:10.856Z"}
{"level":"info","message":"✅ Activity logged for user: 690eddf44dc0eb0f33546109","timestamp":"2025-11-08T08:17:39.677Z"}
{"level":"info","message":"✅ Activity logged for user: 690eddf44dc0eb0f33546109","timestamp":"2025-11-10T09:58:20.907Z"}
{"level":"info","message":"✅ Mood entry created for user 690eddf44dc0eb0f33546109","timestamp":"2025-11-10T10:21:31.370Z"}
{"level":"info","message":"✅ Mood entry created for user 690eddf44dc0eb0f33546109","timestamp":"2025-11-10T10:26:20.329Z"}
